# JRE version: Java(TM) SE Runtime Environment (11.0.1+13) (build 11.0.1+13-LTS)
# Java VM: Java HotSpot(TM) 64-Bit Server VM (11.0.1+13-LTS, mixed mode, tiered, compressed oops, g1 gc, windows-amd64)
Heap:
 garbage-first heap   total 374784K, used 274932K [0x0000000702000000, 0x0000000800000000)
  region size 1024K, 104 young (106496K), 15 survivors (15360K)
 Metaspace       used 70652K, capacity 71758K, committed 73424K, reserved 1114112K
  class space    used 8851K, capacity 9210K, committed 9600K, reserved 1048576K
GC Heap History (10 events):
Event: 16907.463 GC heap before
{Heap before GC invocations=52 (full 0):
 garbage-first heap   total 374784K, used 301087K [0x0000000702000000, 0x0000000800000000)
  region size 1024K, 130 young (133120K), 15 survivors (15360K)
 Metaspace       used 71532K, capacity 73120K, committed 73424K, reserved 1114112K
  class space    used 9029K, capacity 9550K, committed 9600K, reserved 1048576K
}
Event: 16907.480 GC heap after
{Heap after GC invocations=53 (full 0):
 garbage-first heap   total 374784K, used 187049K [0x0000000702000000, 0x0000000800000000)
  region size 1024K, 15 young (15360K), 15 survivors (15360K)
 Metaspace       used 71532K, capacity 73120K, committed 73424K, reserved 1114112K
  class space    used 9029K, capacity 9550K, committed 9600K, reserved 1048576K
}
Event: 17284.503 GC heap before
{Heap before GC invocations=54 (full 0):
 garbage-first heap   total 374784K, used 301737K [0x0000000702000000, 0x0000000800000000)
  region size 1024K, 128 young (131072K), 15 survivors (15360K)
 Metaspace       used 70652K, capacity 71758K, committed 73424K, reserved 1114112K
  class space    used 8851K, capacity 9210K, committed 9600K, reserved 1048576K
}
Event: 17284.512 GC heap after
{Heap after GC invocations=55 (full 0):
 garbage-first heap   total 374784K, used 189223K [0x0000000702000000, 0x0000000800000000)
  region size 1024K, 15 young (15360K), 15 survivors (15360K)
 Metaspace       used 70652K, capacity 71758K, committed 73424K, reserved 1114112K
  class space    used 8851K, capacity 9210K, committed 9600K, reserved 1048576K
}
Event: 17293.997 GC heap before
{Heap before GC invocations=55 (full 0):
 garbage-first heap   total 374784K, used 192295K [0x0000000702000000, 0x0000000800000000)
  region size 1024K, 18 young (18432K), 15 survivors (15360K)
 Metaspace       used 70652K, capacity 71758K, committed 73424K, reserved 1114112K
  class space    used 8851K, capacity 9210K, committed 9600K, reserved 1048576K
}
Event: 17294.006 GC heap after
{Heap after GC invocations=56 (full 0):
 garbage-first heap   total 374784K, used 170559K [0x0000000702000000, 0x0000000800000000)
  region size 1024K, 3 young (3072K), 3 survivors (3072K)
 Metaspace       used 70652K, capacity 71758K, committed 73424K, reserved 1114112K
  class space    used 8851K, capacity 9210K, committed 9600K, reserved 1048576K
}
Event: 17732.253 GC heap before
{Heap before GC invocations=56 (full 0):
 garbage-first heap   total 374784K, used 301631K [0x0000000702000000, 0x0000000800000000)
  region size 1024K, 131 young (134144K), 3 survivors (3072K)
 Metaspace       used 70652K, capacity 71758K, committed 73424K, reserved 1114112K
  class space    used 8851K, capacity 9210K, committed 9600K, reserved 1048576K
}
Event: 17732.267 GC heap after
{Heap after GC invocations=57 (full 0):
 garbage-first heap   total 374784K, used 184051K [0x0000000702000000, 0x0000000800000000)
  region size 1024K, 16 young (16384K), 16 survivors (16384K)
 Metaspace       used 70652K, capacity 71758K, committed 73424K, reserved 1114112K
  class space    used 8851K, capacity 9210K, committed 9600K, reserved 1048576K
}
Event: 18129.865 GC heap before
{Heap before GC invocations=57 (full 0):
 garbage-first heap   total 374784K, used 300787K [0x0000000702000000, 0x0000000800000000)
  region size 1024K, 131 young (134144K), 16 survivors (16384K)
 Metaspace       used 70652K, capacity 71758K, committed 73424K, reserved 1114112K
  class space    used 8851K, capacity 9210K, committed 9600K, reserved 1048576K
}
Event: 18129.872 GC heap after
{Heap after GC invocations=58 (full 0):
 garbage-first heap   total 374784K, used 184820K [0x0000000702000000, 0x0000000800000000)
  region size 1024K, 15 young (15360K), 15 survivors (15360K)
 Metaspace       used 70652K, capacity 71758K, committed 73424K, reserved 1114112K
  class space    used 8851K, capacity 9210K, committed 9600K, reserved 1048576K
}

