# JRE version: Java(TM) SE Runtime Environment (11.0.1+13) (build 11.0.1+13-LTS)
# Java VM: Java HotSpot(TM) 64-Bit Server VM (11.0.1+13-LTS, mixed mode, tiered, compressed oops, g1 gc, windows-amd64)
Heap:
 garbage-first heap   total 374784K, used 273173K [0x0000000702000000, 0x0000000800000000)
  region size 1024K, 215 young (220160K), 17 survivors (17408K)
 Metaspace       used 69917K, capacity 71187K, committed 71496K, reserved 1112064K
  class space    used 8372K, capacity 8835K, committed 8908K, reserved 1048576K
GC Heap History (10 events):
Event: 8.784 GC heap before
{Heap before GC invocations=12 (full 0):
 garbage-first heap   total 312320K, used 209392K [0x0000000702000000, 0x0000000800000000)
  region size 1024K, 183 young (187392K), 19 survivors (19456K)
 Metaspace       used 61408K, capacity 62388K, committed 62408K, reserved 1103872K
  class space    used 7361K, capacity 7737K, committed 7756K, reserved 1048576K
}
Event: 8.798 GC heap after
{Heap after GC invocations=13 (full 0):
 garbage-first heap   total 312320K, used 49925K [0x0000000702000000, 0x0000000800000000)
  region size 1024K, 20 young (20480K), 20 survivors (20480K)
 Metaspace       used 61408K, capacity 62388K, committed 62408K, reserved 1103872K
  class space    used 7361K, capacity 7737K, committed 7756K, reserved 1048576K
}
Event: 9.807 GC heap before
{Heap before GC invocations=13 (full 0):
 garbage-first heap   total 312320K, used 216837K [0x0000000702000000, 0x0000000800000000)
  region size 1024K, 183 young (187392K), 20 survivors (20480K)
 Metaspace       used 62869K, capacity 63918K, committed 64200K, reserved 1105920K
  class space    used 7530K, capacity 7915K, committed 8012K, reserved 1048576K
}
Event: 9.820 GC heap after
{Heap after GC invocations=14 (full 0):
 garbage-first heap   total 312320K, used 57506K [0x0000000702000000, 0x0000000800000000)
  region size 1024K, 17 young (17408K), 17 survivors (17408K)
 Metaspace       used 62869K, capacity 63918K, committed 64200K, reserved 1105920K
  class space    used 7530K, capacity 7915K, committed 8012K, reserved 1048576K
}
Event: 17.432 GC heap before
{Heap before GC invocations=14 (full 0):
 garbage-first heap   total 312320K, used 226466K [0x0000000702000000, 0x0000000800000000)
  region size 1024K, 183 young (187392K), 17 survivors (17408K)
 Metaspace       used 66685K, capacity 67793K, committed 68040K, reserved 1110016K
  class space    used 8003K, capacity 8423K, committed 8524K, reserved 1048576K
}
Event: 17.447 GC heap after
{Heap after GC invocations=15 (full 0):
 garbage-first heap   total 374784K, used 61014K [0x0000000702000000, 0x0000000800000000)
  region size 1024K, 13 young (13312K), 13 survivors (13312K)
 Metaspace       used 66685K, capacity 67793K, committed 68040K, reserved 1110016K
  class space    used 8003K, capacity 8423K, committed 8524K, reserved 1048576K
}
Event: 21159.383 GC heap before
{Heap before GC invocations=15 (full 0):
 garbage-first heap   total 374784K, used 270934K [0x0000000702000000, 0x0000000800000000)
  region size 1024K, 219 young (224256K), 13 survivors (13312K)
 Metaspace       used 69907K, capacity 71187K, committed 71496K, reserved 1112064K
  class space    used 8371K, capacity 8835K, committed 8908K, reserved 1048576K
}
Event: 21159.473 GC heap after
{Heap after GC invocations=16 (full 0):
 garbage-first heap   total 374784K, used 68709K [0x0000000702000000, 0x0000000800000000)
  region size 1024K, 20 young (20480K), 20 survivors (20480K)
 Metaspace       used 69907K, capacity 71187K, committed 71496K, reserved 1112064K
  class space    used 8371K, capacity 8835K, committed 8908K, reserved 1048576K
}
Event: 46670.002 GC heap before
{Heap before GC invocations=16 (full 0):
 garbage-first heap   total 374784K, used 271461K [0x0000000702000000, 0x0000000800000000)
  region size 1024K, 219 young (224256K), 20 survivors (20480K)
 Metaspace       used 69908K, capacity 71187K, committed 71496K, reserved 1112064K
  class space    used 8371K, capacity 8835K, committed 8908K, reserved 1048576K
}
Event: 46670.096 GC heap after
{Heap after GC invocations=17 (full 0):
 garbage-first heap   total 374784K, used 71445K [0x0000000702000000, 0x0000000800000000)
  region size 1024K, 17 young (17408K), 17 survivors (17408K)
 Metaspace       used 69908K, capacity 71187K, committed 71496K, reserved 1112064K
  class space    used 8371K, capacity 8835K, committed 8908K, reserved 1048576K
}

