# JRE version: Java(TM) SE Runtime Environment (11.0.1+13) (build 11.0.1+13-LTS)
# Java VM: Java HotSpot(TM) 64-Bit Server VM (11.0.1+13-LTS, mixed mode, tiered, compressed oops, g1 gc, windows-amd64)
Heap:
 garbage-first heap   total 294912K, used 139904K [0x0000000702000000, 0x0000000800000000)
  region size 1024K, 70 young (71680K), 6 survivors (6144K)
 Metaspace       used 79107K, capacity 80458K, committed 80508K, reserved 1120256K
  class space    used 9473K, capacity 9955K, committed 9984K, reserved 1048576K
GC Heap History (10 events):
Event: 13.415 GC heap before
{Heap before GC invocations=15 (full 0):
 garbage-first heap   total 312320K, used 226936K [0x0000000702000000, 0x0000000800000000)
  region size 1024K, 183 young (187392K), 16 survivors (16384K)
 Metaspace       used 67494K, capacity 68575K, committed 68732K, reserved 1110016K
  class space    used 8070K, capacity 8439K, committed 8448K, reserved 1048576K
}
Event: 13.428 GC heap after
{Heap after GC invocations=16 (full 0):
 garbage-first heap   total 312320K, used 63840K [0x0000000702000000, 0x0000000800000000)
  region size 1024K, 16 young (16384K), 16 survivors (16384K)
 Metaspace       used 67494K, capacity 68575K, committed 68732K, reserved 1110016K
  class space    used 8070K, capacity 8439K, committed 8448K, reserved 1048576K
}
Event: 14.390 GC heap before
{Heap before GC invocations=16 (full 0):
 garbage-first heap   total 312320K, used 234848K [0x0000000702000000, 0x0000000800000000)
  region size 1024K, 183 young (187392K), 16 survivors (16384K)
 Metaspace       used 69415K, capacity 70496K, committed 70780K, reserved 1112064K
  class space    used 8290K, capacity 8670K, committed 8704K, reserved 1048576K
}
Event: 14.403 GC heap after
{Heap after GC invocations=17 (full 0):
 garbage-first heap   total 312320K, used 69414K [0x0000000702000000, 0x0000000800000000)
  region size 1024K, 15 young (15360K), 15 survivors (15360K)
 Metaspace       used 69415K, capacity 70496K, committed 70780K, reserved 1112064K
  class space    used 8290K, capacity 8670K, committed 8704K, reserved 1048576K
}
Event: 16.469 GC heap before
{Heap before GC invocations=17 (full 0):
 garbage-first heap   total 312320K, used 240422K [0x0000000702000000, 0x0000000800000000)
  region size 1024K, 183 young (187392K), 15 survivors (15360K)
 Metaspace       used 71094K, capacity 72254K, committed 72316K, reserved 1112064K
  class space    used 8503K, capacity 8907K, committed 8960K, reserved 1048576K
}
Event: 16.485 GC heap after
{Heap after GC invocations=18 (full 0):
 garbage-first heap   total 312320K, used 73194K [0x0000000702000000, 0x0000000800000000)
  region size 1024K, 11 young (11264K), 11 survivors (11264K)
 Metaspace       used 71094K, capacity 72254K, committed 72316K, reserved 1112064K
  class space    used 8503K, capacity 8907K, committed 8960K, reserved 1048576K
}
Event: 3616.487 GC heap before
{Heap before GC invocations=18 (full 0):
 garbage-first heap   total 312320K, used 207338K [0x0000000702000000, 0x0000000800000000)
  region size 1024K, 144 young (147456K), 11 survivors (11264K)
 Metaspace       used 78944K, capacity 80324K, committed 80508K, reserved 1120256K
  class space    used 9471K, capacity 9954K, committed 9984K, reserved 1048576K
}
Event: 3616.610 GC heap after
{Heap after GC invocations=19 (full 1):
 garbage-first heap   total 245760K, used 70007K [0x0000000702000000, 0x0000000800000000)
  region size 1024K, 0 young (0K), 0 survivors (0K)
 Metaspace       used 78944K, capacity 80324K, committed 80508K, reserved 1120256K
  class space    used 9471K, capacity 9954K, committed 9984K, reserved 1048576K
}
Event: 16305.311 GC heap before
{Heap before GC invocations=19 (full 1):
 garbage-first heap   total 245760K, used 200055K [0x0000000702000000, 0x0000000800000000)
  region size 1024K, 128 young (131072K), 0 survivors (0K)
 Metaspace       used 79106K, capacity 80458K, committed 80508K, reserved 1120256K
  class space    used 9473K, capacity 9955K, committed 9984K, reserved 1048576K
}
Event: 16305.332 GC heap after
{Heap after GC invocations=20 (full 1):
 garbage-first heap   total 294912K, used 75392K [0x0000000702000000, 0x0000000800000000)
  region size 1024K, 6 young (6144K), 6 survivors (6144K)
 Metaspace       used 79106K, capacity 80458K, committed 80508K, reserved 1120256K
  class space    used 9473K, capacity 9955K, committed 9984K, reserved 1048576K
}

